<?xml version="1.0" encoding="UTF-8"?>
<testng-results ignored="8" total="11" passed="3" failed="0" skipped="0">
  <reporter-output>
  </reporter-output>
  <suite started-at="2024-09-13T16:22:57 IST" name="Suite" finished-at="2024-09-13T16:24:26 IST" duration-ms="88251">
    <groups>
      <group name="regressionTest">
        <method signature="CreateContactTest.createContactWithOganisationTest()[pri:0, instance:com.comcast.crm.contactTest.CreateContactTest@5b1669c0]" name="createContactWithOganisationTest" class="com.comcast.crm.contactTest.CreateContactTest"/>
        <method signature="CreateOrganisationTest.createOrganisationWithPhNumberTest()[pri:0, instance:com.comcast.crm.orgTest.CreateOrganisationTest@6d4d66d2]" name="createOrganisationWithPhNumberTest" class="com.comcast.crm.orgTest.CreateOrganisationTest"/>
      </group> <!-- regressionTest -->
      <group name="smokeTest">
        <method signature="DeleteOrg_Test.delete()[pri:0, instance:com.comcast.crm.orgTest.DeleteOrg_Test@1530c739]" name="delete" class="com.comcast.crm.orgTest.DeleteOrg_Test"/>
      </group> <!-- smokeTest -->
    </groups>
    <test started-at="2024-09-13T16:22:57 IST" name="Test" finished-at="2024-09-13T16:24:26 IST" duration-ms="88251">
      <class name="com.comcast.crm.orgTest.CreateOrganisationTest">
        <test-method is-config="true" signature="configBs()[pri:0, instance:com.comcast.crm.orgTest.CreateOrganisationTest@6d4d66d2]" started-at="2024-09-13T16:22:57 IST" name="configBs" finished-at="2024-09-13T16:22:57 IST" duration-ms="308" status="PASS">
          <reporter-output>
          </reporter-output>
        </test-method> <!-- configBs -->
        <test-method is-config="true" signature="configBC()[pri:0, instance:com.comcast.crm.orgTest.CreateOrganisationTest@6d4d66d2]" started-at="2024-09-13T16:22:57 IST" name="configBC" finished-at="2024-09-13T16:23:00 IST" duration-ms="2934" status="PASS">
          <reporter-output>
          </reporter-output>
        </test-method> <!-- configBC -->
        <test-method is-config="true" signature="configBM()[pri:0, instance:com.comcast.crm.orgTest.CreateOrganisationTest@6d4d66d2]" started-at="2024-09-13T16:23:00 IST" name="configBM" finished-at="2024-09-13T16:23:11 IST" duration-ms="10200" status="PASS">
          <reporter-output>
          </reporter-output>
        </test-method> <!-- configBM -->
        <test-method signature="createOrganisationWithPhNumberTest()[pri:0, instance:com.comcast.crm.orgTest.CreateOrganisationTest@6d4d66d2]" started-at="2024-09-13T16:23:11 IST" name="createOrganisationWithPhNumberTest" finished-at="2024-09-13T16:23:22 IST" duration-ms="11362" status="PASS">
          <reporter-output>
          </reporter-output>
        </test-method> <!-- createOrganisationWithPhNumberTest -->
        <test-method is-config="true" signature="configAM()[pri:0, instance:com.comcast.crm.orgTest.CreateOrganisationTest@6d4d66d2]" started-at="2024-09-13T16:23:22 IST" name="configAM" finished-at="2024-09-13T16:23:24 IST" duration-ms="1651" status="PASS">
          <reporter-output>
          </reporter-output>
        </test-method> <!-- configAM -->
        <test-method is-config="true" signature="configAC()[pri:0, instance:com.comcast.crm.orgTest.CreateOrganisationTest@6d4d66d2]" started-at="2024-09-13T16:23:24 IST" name="configAC" finished-at="2024-09-13T16:23:24 IST" duration-ms="321" status="PASS">
          <reporter-output>
          </reporter-output>
        </test-method> <!-- configAC -->
        <test-method is-config="true" signature="configAS()[pri:0, instance:com.comcast.crm.orgTest.CreateOrganisationTest@6d4d66d2]" started-at="2024-09-13T16:24:26 IST" name="configAS" finished-at="2024-09-13T16:24:26 IST" duration-ms="0" status="PASS">
          <reporter-output>
          </reporter-output>
        </test-method> <!-- configAS -->
      </class> <!-- com.comcast.crm.orgTest.CreateOrganisationTest -->
      <class name="com.comcast.crm.orgTest.DeleteOrg_Test">
        <test-method is-config="true" signature="configBC()[pri:0, instance:com.comcast.crm.orgTest.DeleteOrg_Test@1530c739]" started-at="2024-09-13T16:23:24 IST" name="configBC" finished-at="2024-09-13T16:23:25 IST" duration-ms="1082" status="PASS">
          <reporter-output>
          </reporter-output>
        </test-method> <!-- configBC -->
        <test-method is-config="true" signature="configBM()[pri:0, instance:com.comcast.crm.orgTest.DeleteOrg_Test@1530c739]" started-at="2024-09-13T16:23:25 IST" name="configBM" finished-at="2024-09-13T16:23:36 IST" duration-ms="11220" status="PASS">
          <reporter-output>
          </reporter-output>
        </test-method> <!-- configBM -->
        <test-method signature="delete()[pri:0, instance:com.comcast.crm.orgTest.DeleteOrg_Test@1530c739]" started-at="2024-09-13T16:23:36 IST" name="delete" finished-at="2024-09-13T16:23:49 IST" duration-ms="13250" status="PASS">
          <reporter-output>
          </reporter-output>
        </test-method> <!-- delete -->
        <test-method is-config="true" signature="configAM()[pri:0, instance:com.comcast.crm.orgTest.DeleteOrg_Test@1530c739]" started-at="2024-09-13T16:23:49 IST" name="configAM" finished-at="2024-09-13T16:23:53 IST" duration-ms="3034" status="PASS">
          <reporter-output>
          </reporter-output>
        </test-method> <!-- configAM -->
        <test-method is-config="true" signature="configAC()[pri:0, instance:com.comcast.crm.orgTest.DeleteOrg_Test@1530c739]" started-at="2024-09-13T16:23:53 IST" name="configAC" finished-at="2024-09-13T16:23:53 IST" duration-ms="283" status="PASS">
          <reporter-output>
          </reporter-output>
        </test-method> <!-- configAC -->
      </class> <!-- com.comcast.crm.orgTest.DeleteOrg_Test -->
      <class name="com.comcast.crm.contactTest.CreateContactTest">
        <test-method is-config="true" signature="configBC()[pri:0, instance:com.comcast.crm.contactTest.CreateContactTest@5b1669c0]" started-at="2024-09-13T16:23:53 IST" name="configBC" finished-at="2024-09-13T16:23:54 IST" duration-ms="1454" status="PASS">
          <reporter-output>
          </reporter-output>
        </test-method> <!-- configBC -->
        <test-method is-config="true" signature="configBM()[pri:0, instance:com.comcast.crm.contactTest.CreateContactTest@5b1669c0]" started-at="2024-09-13T16:23:54 IST" name="configBM" finished-at="2024-09-13T16:24:05 IST" duration-ms="10849" status="PASS">
          <reporter-output>
          </reporter-output>
        </test-method> <!-- configBM -->
        <test-method signature="createContactWithOganisationTest()[pri:0, instance:com.comcast.crm.contactTest.CreateContactTest@5b1669c0]" started-at="2024-09-13T16:24:05 IST" name="createContactWithOganisationTest" finished-at="2024-09-13T16:24:24 IST" duration-ms="19160" status="PASS">
          <reporter-output>
          </reporter-output>
        </test-method> <!-- createContactWithOganisationTest -->
        <test-method is-config="true" signature="configAM()[pri:0, instance:com.comcast.crm.contactTest.CreateContactTest@5b1669c0]" started-at="2024-09-13T16:24:24 IST" name="configAM" finished-at="2024-09-13T16:24:25 IST" duration-ms="1108" status="PASS">
          <reporter-output>
          </reporter-output>
        </test-method> <!-- configAM -->
        <test-method is-config="true" signature="configAC()[pri:0, instance:com.comcast.crm.contactTest.CreateContactTest@5b1669c0]" started-at="2024-09-13T16:24:25 IST" name="configAC" finished-at="2024-09-13T16:24:26 IST" duration-ms="287" status="PASS">
          <reporter-output>
          </reporter-output>
        </test-method> <!-- configAC -->
      </class> <!-- com.comcast.crm.contactTest.CreateContactTest -->
    </test> <!-- Test -->
  </suite> <!-- Suite -->
</testng-results>
