<?xml version="1.0" encoding="UTF-8"?>
<!-- Generated by org.testng.reporters.JUnitXMLReporter -->
<testsuite ignored="8" hostname="DESKTOP-93RQOLS" failures="0" tests="3" name="Test" time="88.251" errors="0" timestamp="2024-09-13T16:24:26 IST">
  <testcase classname="com.comcast.crm.orgTest.CreateOrganisationTest" name="createOrganisationWithPhNumberTest" time="11.362"/>
  <testcase classname="com.comcast.crm.orgTest.DeleteOrg_Test" name="delete" time="13.25"/>
  <testcase classname="com.comcast.crm.contactTest.CreateContactTest" name="createContactWithOganisationTest" time="19.16"/>
  <testcase classname="com.comcast.crm.contactTest.CreateContactTest" name="createContactWithSupportDateTest" time="0.0">
    <ignored/>
  </testcase> <!-- createContactWithSupportDateTest -->
  <testcase classname="com.comcast.crm.orgTest.CreateOrganisationTest" name="createOrganisationTest" time="0.0">
    <ignored/>
  </testcase> <!-- createOrganisationTest -->
  <testcase classname="com.comcast.crm.beseTest.BaseClass" name="@AfterSuite configAS" time="0.0">
    <ignored/>
  </testcase> <!-- @AfterSuite configAS -->
  <testcase classname="com.comcast.crm.beseTest.BaseClass" name="@AfterSuite configAS" time="0.0">
    <ignored/>
  </testcase> <!-- @AfterSuite configAS -->
  <testcase classname="com.comcast.crm.orgTest.CreateOrganisationTest" name="createOrganisationWithIndustryTest" time="0.0">
    <ignored/>
  </testcase> <!-- createOrganisationWithIndustryTest -->
  <testcase classname="com.comcast.crm.beseTest.BaseClass" name="@BeforeSuite configBs" time="0.0">
    <ignored/>
  </testcase> <!-- @BeforeSuite configBs -->
  <testcase classname="com.comcast.crm.beseTest.BaseClass" name="@BeforeSuite configBs" time="0.0">
    <ignored/>
  </testcase> <!-- @BeforeSuite configBs -->
  <testcase classname="com.comcast.crm.contactTest.CreateContactTest" name="createContactTest" time="0.0">
    <ignored/>
  </testcase> <!-- createContactTest -->
</testsuite> <!-- Test -->
